Arguments: 
  C:\Users\Offic\scoop\apps\nodejs\current\node.exe C:\Users\Offic\scoop\apps\nodejs\current\bin\node_modules\yarn\bin\yarn.js add @tensorflow/tfjs @tensorflow-model/speech-commands wave-visualizer

PATH: 
  C:\Program Files\WindowsApps\Microsoft.PowerShell_7.3.0.0_x64__8wekyb3d8bbwe;C:\Program Files\Go\bin;C:\Program Files (x86)\Microsoft\Edge\Application;C:\Program Files (x86)\VMware\VMware Workstation\bin\;C:\WINDOWS\system32;C:\WINDOWS;C:\WINDOWS\System32\Wbem;C:\WINDOWS\System32\WindowsPowerShell\v1.0\;C:\WINDOWS\System32\OpenSSH\;C:\Program Files\Go\bin;C:\Program Files\NVIDIA Corporation\NVIDIA NvDLISR;C:\Program Files\Docker\Docker\resources\bin;C:\Program Files (x86)\NVIDIA Corporation\PhysX\Common;C:\Program Files\dotnet\;C:\Program Files\Cloudflare\Cloudflare WARP\;C:\Users\Offic\scoop\apps\nodejs\current\bin;C:\Users\Offic\scoop\apps\nodejs\current;C:\Users\Offic\scoop\apps\vscode\current\bin;C:\Users\Offic\scoop\shims;C:\Users\Offic\AppData\Local\Microsoft\WindowsApps;C:\Users\Offic\go\bin;C:\Users\Offic\AppData\Local\Programs\oh-my-posh\bin;C:\Users\Offic;

Yarn version: 
  1.22.19

Node version: 
  19.0.0

Platform: 
  win32 x64

Trace: 
  Error: https://registry.yarnpkg.com/@tensorflow-model%2fspeech-commands: Not found
      at params.callback [as _callback] (C:\Users\Offic\scoop\persist\nodejs\bin\node_modules\yarn\lib\cli.js:66145:18)
      at self.callback (C:\Users\Offic\scoop\persist\nodejs\bin\node_modules\yarn\lib\cli.js:140890:22)
      at Request.emit (node:events:513:28)
      at Request.<anonymous> (C:\Users\Offic\scoop\persist\nodejs\bin\node_modules\yarn\lib\cli.js:141862:10)
      at Request.emit (node:events:513:28)
      at IncomingMessage.<anonymous> (C:\Users\Offic\scoop\persist\nodejs\bin\node_modules\yarn\lib\cli.js:141784:12)
      at Object.onceWrapper (node:events:627:28)
      at IncomingMessage.emit (node:events:525:35)
      at endReadableNT (node:internal/streams/readable:1359:12)
      at process.processTicksAndRejections (node:internal/process/task_queues:82:21)

npm manifest: 
  {
    "name": "speech-recognition",
    "version": "1.0.0",
    "description": "",
    "main": "index.js",
    "scripts": {
      "start": "nodemon index.js",
      "test": "echo \"Error: no test specified\" && exit 1"
    },
    "repository": {
      "type": "git",
      "url": "git+https://github.com/datnguyennnx/Speech-Recognition.git"
    },
    "keywords": [],
    "author": "",
    "license": "MIT",
    "bugs": {
      "url": "https://github.com/datnguyennnx/Speech-Recognition/issues"
    },
    "homepage": "https://github.com/datnguyennnx/Speech-Recognition#readme",
    "dependencies": {
      "express": "^4.18.2"
    },
    "devDependencies": {
      "nodemon": "^2.0.20"
    }
  }

yarn manifest: 
  No manifest

Lockfile: 
  No lockfile
